TN:
SF:App.js
FN:5,App
FNF:1
FNH:0
FNDA:0,App
DA:6,0
DA:14,0
LF:2
LH:0
BRF:0
BRH:0
end_of_record
TN:
SF:Firebase.js
FNF:0
FNH:0
DA:7,0
DA:18,0
DA:19,0
DA:20,0
LF:4
LH:0
BRF:0
BRH:0
end_of_record
TN:
SF:Routes.js
FN:25,Routes
FN:35,(anonymous_1)
FN:36,(anonymous_2)
FN:48,(anonymous_3)
FN:60,TabsInternas
FN:69,(anonymous_5)
FN:85,(anonymous_6)
FN:95,(anonymous_7)
FN:105,(anonymous_8)
FN:115,(anonymous_9)
FN:133,(anonymous_10)
FN:133,(anonymous_11)
FN:159,(anonymous_12)
FNF:13
FNH:0
FNDA:0,Routes
FNDA:0,(anonymous_1)
FNDA:0,(anonymous_2)
FNDA:0,(anonymous_3)
FNDA:0,TabsInternas
FNDA:0,(anonymous_5)
FNDA:0,(anonymous_6)
FNDA:0,(anonymous_7)
FNDA:0,(anonymous_8)
FNDA:0,(anonymous_9)
FNDA:0,(anonymous_10)
FNDA:0,(anonymous_11)
FNDA:0,(anonymous_12)
DA:22,0
DA:23,0
DA:26,0
DA:27,0
DA:28,0
DA:31,0
DA:35,0
DA:36,0
DA:37,0
DA:38,0
DA:40,0
DA:44,0
DA:45,0
DA:48,0
DA:61,0
DA:69,0
DA:86,0
DA:96,0
DA:106,0
DA:116,0
DA:125,0
DA:126,0
DA:133,0
DA:140,0
DA:160,0
LF:25
LH:0
BRDA:44,0,0,0
BRDA:44,0,1,0
BRDA:125,1,0,0
BRDA:125,1,1,0
BRDA:125,2,0,0
BRDA:125,2,1,0
BRDA:143,3,0,0
BRDA:143,3,1,0
BRF:8
BRH:0
end_of_record
TN:
SF:babel.config.js
FN:1,(anonymous_0)
FNF:1
FNH:0
FNDA:0,(anonymous_0)
DA:1,0
DA:2,0
DA:3,0
LF:3
LH:0
BRF:0
BRH:0
end_of_record
TN:
SF:index.js
FNF:0
FNH:0
DA:8,0
LF:1
LH:0
BRF:0
BRH:0
end_of_record
TN:
SF:jest.config.js
FNF:0
FNH:0
DA:3,0
LF:1
LH:0
BRF:0
BRH:0
end_of_record
TN:
SF:metro.config.js
FNF:0
FNH:0
DA:1,0
DA:3,0
DA:4,0
DA:5,0
DA:7,0
LF:5
LH:0
BRF:0
BRH:0
end_of_record
TN:
SF:Telas\LoginScreen.js
FN:9,LoginScreen
FN:19,(anonymous_1)
FN:38,(anonymous_2)
FN:44,(anonymous_3)
FN:54,(anonymous_4)
FN:61,(anonymous_5)
FN:66,(anonymous_6)
FN:67,(anonymous_7)
FN:70,(anonymous_8)
FN:75,(anonymous_9)
FN:77,(anonymous_10)
FN:113,(anonymous_11)
FN:120,(anonymous_12)
FN:120,(anonymous_13)
FNF:14
FNH:0
FNDA:0,LoginScreen
FNDA:0,(anonymous_1)
FNDA:0,(anonymous_2)
FNDA:0,(anonymous_3)
FNDA:0,(anonymous_4)
FNDA:0,(anonymous_5)
FNDA:0,(anonymous_6)
FNDA:0,(anonymous_7)
FNDA:0,(anonymous_8)
FNDA:0,(anonymous_9)
FNDA:0,(anonymous_10)
FNDA:0,(anonymous_11)
FNDA:0,(anonymous_12)
FNDA:0,(anonymous_13)
DA:10,0
DA:11,0
DA:12,0
DA:15,0
DA:16,0
DA:17,0
DA:19,0
DA:20,0
DA:22,0
DA:24,0
DA:26,0
DA:28,0
DA:30,0
DA:32,0
DA:34,0
DA:38,0
DA:39,0
DA:40,0
DA:41,0
DA:44,0
DA:45,0
DA:46,0
DA:50,0
DA:53,0
DA:55,0
DA:56,0
DA:62,0
DA:66,0
DA:67,0
DA:70,0
DA:71,0
DA:72,0
DA:74,0
DA:75,0
DA:76,0
DA:77,0
DA:82,0
DA:114,0
DA:120,0
LF:39
LH:0
BRDA:20,0,0,0
BRDA:20,0,1,0
BRDA:20,0,2,0
BRDA:20,0,3,0
BRDA:20,0,4,0
BRDA:20,0,5,0
BRDA:20,0,6,0
BRDA:45,1,0,0
BRDA:45,1,1,0
BRDA:45,2,0,0
BRDA:45,2,1,0
BRDA:71,3,0,0
BRDA:71,3,1,0
BRDA:74,4,0,0
BRDA:74,4,1,0
BRDA:76,5,0,0
BRDA:76,5,1,0
BRDA:106,6,0,0
BRDA:106,6,1,0
BRDA:115,7,0,0
BRDA:115,7,1,0
BRF:21
BRH:0
end_of_record
TN:
SF:Telas\RecuperarSenhaScreen.js
FN:19,RecuperarSenhaScreen
FN:26,(anonymous_1)
FN:41,(anonymous_2)
FN:47,(anonymous_3)
FN:54,(anonymous_4)
FN:60,(anonymous_5)
FN:83,(anonymous_6)
FN:102,(anonymous_7)
FN:113,(anonymous_8)
FN:120,(anonymous_9)
FNF:10
FNH:0
FNDA:0,RecuperarSenhaScreen
FNDA:0,(anonymous_1)
FNDA:0,(anonymous_2)
FNDA:0,(anonymous_3)
FNDA:0,(anonymous_4)
FNDA:0,(anonymous_5)
FNDA:0,(anonymous_6)
FNDA:0,(anonymous_7)
FNDA:0,(anonymous_8)
FNDA:0,(anonymous_9)
DA:20,0
DA:22,0
DA:23,0
DA:24,0
DA:26,0
DA:27,0
DA:29,0
DA:31,0
DA:33,0
DA:35,0
DA:37,0
DA:41,0
DA:42,0
DA:43,0
DA:44,0
DA:47,0
DA:48,0
DA:49,0
DA:50,0
DA:53,0
DA:55,0
DA:61,0
DA:65,0
DA:84,0
DA:102,0
DA:113,0
DA:120,0
LF:27
LH:0
BRDA:27,0,0,0
BRDA:27,0,1,0
BRDA:27,0,2,0
BRDA:27,0,3,0
BRDA:27,0,4,0
BRDA:48,1,0,0
BRDA:48,1,1,0
BRF:7
BRH:0
end_of_record
TN:
SF:Telas\SignUpScreen.js
FN:15,SignUpScreen
FN:29,(anonymous_1)
FN:49,(anonymous_2)
FN:55,(anonymous_3)
FN:106,(anonymous_4)
FN:106,(anonymous_5)
FN:119,(anonymous_6)
FN:119,(anonymous_7)
FN:132,(anonymous_8)
FN:132,(anonymous_9)
FN:145,(anonymous_10)
FN:145,(anonymous_11)
FN:157,(anonymous_12)
FN:167,(anonymous_13)
FN:176,(anonymous_14)
FNF:15
FNH:0
FNDA:0,SignUpScreen
FNDA:0,(anonymous_1)
FNDA:0,(anonymous_2)
FNDA:0,(anonymous_3)
FNDA:0,(anonymous_4)
FNDA:0,(anonymous_5)
FNDA:0,(anonymous_6)
FNDA:0,(anonymous_7)
FNDA:0,(anonymous_8)
FNDA:0,(anonymous_9)
FNDA:0,(anonymous_10)
FNDA:0,(anonymous_11)
FNDA:0,(anonymous_12)
FNDA:0,(anonymous_13)
FNDA:0,(anonymous_14)
DA:16,0
DA:17,0
DA:18,0
DA:19,0
DA:21,0
DA:22,0
DA:25,0
DA:26,0
DA:27,0
DA:29,0
DA:30,0
DA:32,0
DA:39,0
DA:41,0
DA:43,0
DA:45,0
DA:49,0
DA:50,0
DA:51,0
DA:52,0
DA:55,0
DA:56,0
DA:57,0
DA:58,0
DA:61,0
DA:62,0
DA:63,0
DA:66,0
DA:67,0
DA:68,0
DA:71,0
DA:72,0
DA:73,0
DA:75,0
DA:76,0
DA:85,0
DA:87,0
DA:91,0
DA:106,0
DA:119,0
DA:132,0
DA:145,0
DA:157,0
DA:167,0
DA:177,0
DA:178,0
DA:179,0
LF:47
LH:0
BRDA:30,0,0,0
BRDA:30,0,1,0
BRDA:30,0,2,0
BRDA:30,0,3,0
BRDA:30,0,4,0
BRDA:56,1,0,0
BRDA:56,1,1,0
BRDA:56,2,0,0
BRDA:56,2,1,0
BRDA:56,2,2,0
BRDA:56,2,3,0
BRDA:61,3,0,0
BRDA:61,3,1,0
BRDA:66,4,0,0
BRDA:66,4,1,0
BRDA:173,5,0,0
BRDA:173,5,1,0
BRDA:178,6,0,0
BRDA:178,6,1,0
BRF:19
BRH:0
end_of_record
TN:
SF:Telas\Sobre.js
FN:19,SobreScreen
FN:28,(anonymous_1)
FN:31,(anonymous_2)
FN:32,(anonymous_3)
FN:36,(anonymous_4)
FN:48,(anonymous_5)
FN:67,(anonymous_6)
FN:79,(anonymous_7)
FN:80,(anonymous_8)
FN:89,(anonymous_9)
FN:122,(anonymous_10)
FN:179,(anonymous_11)
FN:184,(anonymous_12)
FN:191,(anonymous_13)
FN:205,(anonymous_14)
FN:275,(anonymous_15)
FNF:16
FNH:0
FNDA:0,SobreScreen
FNDA:0,(anonymous_1)
FNDA:0,(anonymous_2)
FNDA:0,(anonymous_3)
FNDA:0,(anonymous_4)
FNDA:0,(anonymous_5)
FNDA:0,(anonymous_6)
FNDA:0,(anonymous_7)
FNDA:0,(anonymous_8)
FNDA:0,(anonymous_9)
FNDA:0,(anonymous_10)
FNDA:0,(anonymous_11)
FNDA:0,(anonymous_12)
FNDA:0,(anonymous_13)
FNDA:0,(anonymous_14)
FNDA:0,(anonymous_15)
DA:20,0
DA:21,0
DA:22,0
DA:23,0
DA:24,0
DA:25,0
DA:28,0
DA:29,0
DA:30,0
DA:31,0
DA:32,0
DA:36,0
DA:37,0
DA:48,0
DA:49,0
DA:50,0
DA:51,0
DA:52,0
DA:53,0
DA:54,0
DA:56,0
DA:57,0
DA:58,0
DA:59,0
DA:62,0
DA:67,0
DA:68,0
DA:69,0
DA:70,0
DA:71,0
DA:73,0
DA:79,0
DA:80,0
DA:81,0
DA:85,0
DA:89,0
DA:122,0
DA:179,0
DA:185,0
DA:191,0
DA:205,0
DA:275,0
LF:42
LH:0
BRDA:49,0,0,0
BRDA:49,0,1,0
BRDA:51,1,0,0
BRDA:51,1,1,0
BRDA:69,2,0,0
BRDA:69,2,1,0
BRDA:81,3,0,0
BRDA:81,3,1,0
BRDA:166,4,0,0
BRDA:166,4,1,0
BRF:10
BRH:0
end_of_record
TN:
SF:Telas\SplashScreen.js
FN:8,SplashScreen
FN:12,(anonymous_1)
FN:23,(anonymous_2)
FN:27,(anonymous_3)
FNF:4
FNH:0
FNDA:0,SplashScreen
FNDA:0,(anonymous_1)
FNDA:0,(anonymous_2)
FNDA:0,(anonymous_3)
DA:6,0
DA:9,0
DA:10,0
DA:12,0
DA:14,0
DA:20,0
DA:23,0
DA:24,0
DA:27,0
DA:30,0
DA:34,0
DA:52,0
LF:12
LH:0
BRF:0
BRH:0
end_of_record
TN:
SF:Telas\TelaInimigo.js
FN:12,TelaSelecionarInimigo
FN:19,(anonymous_1)
FN:20,(anonymous_2)
FN:21,(anonymous_3)
FN:24,(anonymous_4)
FN:25,(anonymous_5)
FN:36,(anonymous_6)
FN:37,(anonymous_7)
FN:39,(anonymous_8)
FN:59,(anonymous_9)
FN:64,(anonymous_10)
FN:76,(anonymous_11)
FN:79,(anonymous_12)
FN:105,(anonymous_13)
FN:117,(anonymous_14)
FN:124,(anonymous_15)
FN:135,(anonymous_16)
FNF:17
FNH:0
FNDA:0,TelaSelecionarInimigo
FNDA:0,(anonymous_1)
FNDA:0,(anonymous_2)
FNDA:0,(anonymous_3)
FNDA:0,(anonymous_4)
FNDA:0,(anonymous_5)
FNDA:0,(anonymous_6)
FNDA:0,(anonymous_7)
FNDA:0,(anonymous_8)
FNDA:0,(anonymous_9)
FNDA:0,(anonymous_10)
FNDA:0,(anonymous_11)
FNDA:0,(anonymous_12)
FNDA:0,(anonymous_13)
FNDA:0,(anonymous_14)
FNDA:0,(anonymous_15)
FNDA:0,(anonymous_16)
DA:13,0
DA:14,0
DA:15,0
DA:16,0
DA:17,0
DA:19,0
DA:20,0
DA:21,0
DA:24,0
DA:25,0
DA:26,0
DA:27,0
DA:28,0
DA:29,0
DA:32,0
DA:33,0
DA:34,0
DA:35,0
DA:36,0
DA:37,0
DA:39,0
DA:40,0
DA:43,0
DA:46,0
DA:47,0
DA:48,0
DA:50,0
DA:52,0
DA:56,0
DA:59,0
DA:60,0
DA:63,0
DA:64,0
DA:65,0
DA:68,0
DA:72,0
DA:76,0
DA:77,0
DA:79,0
DA:89,0
DA:105,0
DA:117,0
DA:125,0
DA:126,0
DA:135,0
DA:146,0
LF:46
LH:0
BRDA:26,0,0,0
BRDA:26,0,1,0
BRDA:43,1,0,0
BRDA:43,1,1,0
BRDA:63,2,0,0
BRDA:63,2,1,0
BRDA:83,3,0,0
BRDA:83,3,1,0
BRDA:99,4,0,0
BRDA:99,4,1,0
BRF:10
BRH:0
end_of_record
TN:
SF:Telas\TelaRead.js
FN:17,(anonymous_0)
FN:36,(anonymous_1)
FN:52,(anonymous_2)
FN:65,(anonymous_3)
FN:85,TelaRead
FN:91,(anonymous_5)
FN:95,(anonymous_6)
FN:108,(anonymous_7)
FN:129,(anonymous_8)
FN:139,(anonymous_9)
FN:145,(anonymous_10)
FN:171,(anonymous_11)
FN:178,(anonymous_12)
FN:203,(anonymous_13)
FN:204,(anonymous_14)
FNF:15
FNH:0
FNDA:0,(anonymous_0)
FNDA:0,(anonymous_1)
FNDA:0,(anonymous_2)
FNDA:0,(anonymous_3)
FNDA:0,TelaRead
FNDA:0,(anonymous_5)
FNDA:0,(anonymous_6)
FNDA:0,(anonymous_7)
FNDA:0,(anonymous_8)
FNDA:0,(anonymous_9)
FNDA:0,(anonymous_10)
FNDA:0,(anonymous_11)
FNDA:0,(anonymous_12)
FNDA:0,(anonymous_13)
FNDA:0,(anonymous_14)
DA:17,0
DA:18,0
DA:20,0
DA:36,0
DA:52,0
DA:66,0
DA:86,0
DA:87,0
DA:88,0
DA:89,0
DA:91,0
DA:92,0
DA:95,0
DA:96,0
DA:97,0
DA:98,0
DA:99,0
DA:100,0
DA:102,0
DA:103,0
DA:104,0
DA:105,0
DA:106,0
DA:108,0
DA:109,0
DA:115,0
DA:116,0
DA:120,0
DA:121,0
DA:123,0
DA:125,0
DA:129,0
DA:130,0
DA:131,0
DA:132,0
DA:134,0
DA:136,0
DA:139,0
DA:140,0
DA:144,0
DA:145,0
DA:148,0
DA:172,0
DA:178,0
DA:203,0
DA:204,0
LF:46
LH:0
BRDA:23,0,0,0
BRDA:23,0,1,0
BRDA:64,1,0,0
BRDA:64,1,1,0
BRDA:64,2,0,0
BRDA:64,2,1,0
BRDA:69,3,0,0
BRDA:69,3,1,0
BRDA:69,3,2,0
BRDA:71,4,0,0
BRDA:71,4,1,0
BRDA:104,5,0,0
BRDA:104,5,1,0
BRDA:131,6,0,0
BRDA:131,6,1,0
BRDA:144,7,0,0
BRDA:144,7,1,0
BRDA:154,8,0,0
BRDA:154,8,1,0
BRDA:159,9,0,0
BRDA:159,9,1,0
BRDA:176,10,0,0
BRDA:176,10,1,0
BRDA:183,11,0,0
BRDA:183,11,1,0
BRDA:191,12,0,0
BRDA:191,12,1,0
BRF:27
BRH:0
end_of_record
TN:
SF:Telas\WelcomeScreen.js
FN:12,(anonymous_0)
FN:18,(anonymous_1)
FN:28,(anonymous_2)
FN:42,(anonymous_3)
FN:48,(anonymous_4)
FN:56,(anonymous_5)
FN:72,(anonymous_6)
FN:82,(anonymous_7)
FN:85,(anonymous_8)
FN:93,WelcomeScreen
FN:109,(anonymous_10)
FN:113,(anonymous_11)
FN:129,(anonymous_12)
FN:143,(anonymous_13)
FN:148,(anonymous_14)
FN:166,(anonymous_15)
FN:178,(anonymous_16)
FN:186,(anonymous_17)
FN:235,(anonymous_18)
FN:244,(anonymous_19)
FN:248,(anonymous_20)
FN:255,(anonymous_21)
FN:258,(anonymous_22)
FN:269,(anonymous_23)
FN:289,(anonymous_24)
FN:292,(anonymous_25)
FN:364,(anonymous_26)
FN:369,(anonymous_27)
FN:400,(anonymous_28)
FN:407,(anonymous_29)
FN:424,(anonymous_30)
FN:432,(anonymous_31)
FN:490,(anonymous_32)
FN:512,(anonymous_33)
FNF:34
FNH:0
FNDA:0,(anonymous_0)
FNDA:0,(anonymous_1)
FNDA:0,(anonymous_2)
FNDA:0,(anonymous_3)
FNDA:0,(anonymous_4)
FNDA:0,(anonymous_5)
FNDA:0,(anonymous_6)
FNDA:0,(anonymous_7)
FNDA:0,(anonymous_8)
FNDA:0,WelcomeScreen
FNDA:0,(anonymous_10)
FNDA:0,(anonymous_11)
FNDA:0,(anonymous_12)
FNDA:0,(anonymous_13)
FNDA:0,(anonymous_14)
FNDA:0,(anonymous_15)
FNDA:0,(anonymous_16)
FNDA:0,(anonymous_17)
FNDA:0,(anonymous_18)
FNDA:0,(anonymous_19)
FNDA:0,(anonymous_20)
FNDA:0,(anonymous_21)
FNDA:0,(anonymous_22)
FNDA:0,(anonymous_23)
FNDA:0,(anonymous_24)
FNDA:0,(anonymous_25)
FNDA:0,(anonymous_26)
FNDA:0,(anonymous_27)
FNDA:0,(anonymous_28)
FNDA:0,(anonymous_29)
FNDA:0,(anonymous_30)
FNDA:0,(anonymous_31)
FNDA:0,(anonymous_32)
FNDA:0,(anonymous_33)
DA:10,0
DA:12,0
DA:13,0
DA:18,0
DA:19,0
DA:21,0
DA:28,0
DA:42,0
DA:48,0
DA:56,0
DA:57,0
DA:59,0
DA:72,0
DA:82,0
DA:85,0
DA:94,0
DA:95,0
DA:96,0
DA:97,0
DA:98,0
DA:99,0
DA:100,0
DA:101,0
DA:102,0
DA:103,0
DA:104,0
DA:106,0
DA:107,0
DA:109,0
DA:110,0
DA:113,0
DA:115,0
DA:116,0
DA:117,0
DA:124,0
DA:126,0
DA:129,0
DA:130,0
DA:134,0
DA:139,0
DA:143,0
DA:144,0
DA:145,0
DA:148,0
DA:149,0
DA:166,0
DA:167,0
DA:168,0
DA:170,0
DA:171,0
DA:175,0
DA:178,0
DA:179,0
DA:180,0
DA:181,0
DA:182,0
DA:184,0
DA:185,0
DA:187,0
DA:188,0
DA:189,0
DA:190,0
DA:191,0
DA:193,0
DA:194,0
DA:230,0
DA:231,0
DA:235,0
DA:236,0
DA:238,0
DA:239,0
DA:241,0
DA:244,0
DA:245,0
DA:246,0
DA:247,0
DA:248,0
DA:249,0
DA:251,0
DA:255,0
DA:256,0
DA:257,0
DA:258,0
DA:260,0
DA:261,0
DA:262,0
DA:263,0
DA:265,0
DA:269,0
DA:270,0
DA:271,0
DA:272,0
DA:273,0
DA:276,0
DA:277,0
DA:278,0
DA:279,0
DA:282,0
DA:283,0
DA:284,0
DA:287,0
DA:288,0
DA:289,0
DA:291,0
DA:292,0
DA:293,0
DA:294,0
DA:297,0
DA:300,0
DA:303,0
DA:305,0
DA:308,0
DA:347,0
DA:348,0
DA:350,0
DA:353,0
DA:356,0
DA:357,0
DA:358,0
DA:360,0
DA:361,0
DA:364,0
DA:365,0
DA:366,0
DA:369,0
DA:370,0
DA:372,0
DA:373,0
DA:374,0
DA:376,0
DA:377,0
DA:378,0
DA:379,0
DA:382,0
DA:383,0
DA:396,0
DA:401,0
DA:407,0
DA:425,0
DA:432,0
DA:490,0
DA:512,0
LF:142
LH:0
BRDA:25,0,0,0
BRDA:25,0,1,0
BRDA:31,1,0,0
BRDA:31,1,1,0
BRDA:61,2,0,0
BRDA:61,2,1,0
BRDA:78,3,0,0
BRDA:78,3,1,0
BRDA:78,4,0,0
BRDA:78,4,1,0
BRDA:115,5,0,0
BRDA:115,5,1,0
BRDA:115,6,0,0
BRDA:115,6,1,0
BRDA:130,7,0,0
BRDA:130,7,1,0
BRDA:167,8,0,0
BRDA:167,8,1,0
BRDA:181,9,0,0
BRDA:181,9,1,0
BRDA:189,10,0,0
BRDA:189,10,1,0
BRDA:195,11,0,0
BRDA:195,11,1,0
BRDA:196,12,0,0
BRDA:196,12,1,0
BRDA:197,13,0,0
BRDA:197,13,1,0
BRDA:198,14,0,0
BRDA:198,14,1,0
BRDA:199,15,0,0
BRDA:199,15,1,0
BRDA:200,16,0,0
BRDA:200,16,1,0
BRDA:201,17,0,0
BRDA:201,17,1,0
BRDA:202,18,0,0
BRDA:202,18,1,0
BRDA:203,19,0,0
BRDA:203,19,1,0
BRDA:204,20,0,0
BRDA:204,20,1,0
BRDA:205,21,0,0
BRDA:205,21,1,0
BRDA:206,22,0,0
BRDA:206,22,1,0
BRDA:207,23,0,0
BRDA:207,23,1,0
BRDA:208,24,0,0
BRDA:208,24,1,0
BRDA:209,25,0,0
BRDA:209,25,1,0
BRDA:210,26,0,0
BRDA:210,26,1,0
BRDA:211,27,0,0
BRDA:211,27,1,0
BRDA:212,28,0,0
BRDA:212,28,1,0
BRDA:213,29,0,0
BRDA:213,29,1,0
BRDA:214,30,0,0
BRDA:214,30,1,0
BRDA:215,31,0,0
BRDA:215,31,1,0
BRDA:216,32,0,0
BRDA:216,32,1,0
BRDA:217,33,0,0
BRDA:217,33,1,0
BRDA:218,34,0,0
BRDA:218,34,1,0
BRDA:219,35,0,0
BRDA:219,35,1,0
BRDA:220,36,0,0
BRDA:220,36,1,0
BRDA:221,37,0,0
BRDA:221,37,1,0
BRDA:222,38,0,0
BRDA:222,38,1,0
BRDA:223,39,0,0
BRDA:223,39,1,0
BRDA:224,40,0,0
BRDA:224,40,1,0
BRDA:225,41,0,0
BRDA:225,41,1,0
BRDA:226,42,0,0
BRDA:226,42,1,0
BRDA:227,43,0,0
BRDA:227,43,1,0
BRDA:257,44,0,0
BRDA:257,44,1,0
BRDA:261,45,0,0
BRDA:261,45,1,0
BRDA:271,46,0,0
BRDA:271,46,1,0
BRDA:277,47,0,0
BRDA:277,47,1,0
BRDA:282,48,0,0
BRDA:282,48,1,0
BRDA:293,49,0,0
BRDA:293,49,1,0
BRDA:294,50,0,0
BRDA:294,50,1,0
BRDA:297,51,0,0
BRDA:297,51,1,0
BRDA:309,52,0,0
BRDA:309,52,1,0
BRDA:310,53,0,0
BRDA:310,53,1,0
BRDA:312,54,0,0
BRDA:312,54,1,0
BRDA:313,55,0,0
BRDA:313,55,1,0
BRDA:314,56,0,0
BRDA:314,56,1,0
BRDA:315,57,0,0
BRDA:315,57,1,0
BRDA:316,58,0,0
BRDA:316,58,1,0
BRDA:317,59,0,0
BRDA:317,59,1,0
BRDA:318,60,0,0
BRDA:318,60,1,0
BRDA:319,61,0,0
BRDA:319,61,1,0
BRDA:320,62,0,0
BRDA:320,62,1,0
BRDA:321,63,0,0
BRDA:321,63,1,0
BRDA:322,64,0,0
BRDA:322,64,1,0
BRDA:323,65,0,0
BRDA:323,65,1,0
BRDA:324,66,0,0
BRDA:324,66,1,0
BRDA:325,67,0,0
BRDA:325,67,1,0
BRDA:326,68,0,0
BRDA:326,68,1,0
BRDA:327,69,0,0
BRDA:327,69,1,0
BRDA:328,70,0,0
BRDA:328,70,1,0
BRDA:329,71,0,0
BRDA:329,71,1,0
BRDA:330,72,0,0
BRDA:330,72,1,0
BRDA:331,73,0,0
BRDA:331,73,1,0
BRDA:332,74,0,0
BRDA:332,74,1,0
BRDA:333,75,0,0
BRDA:333,75,1,0
BRDA:334,76,0,0
BRDA:334,76,1,0
BRDA:335,77,0,0
BRDA:335,77,1,0
BRDA:336,78,0,0
BRDA:336,78,1,0
BRDA:337,79,0,0
BRDA:337,79,1,0
BRDA:338,80,0,0
BRDA:338,80,1,0
BRDA:339,81,0,0
BRDA:339,81,1,0
BRDA:340,82,0,0
BRDA:340,82,1,0
BRDA:370,83,0,0
BRDA:370,83,1,0
BRDA:382,84,0,0
BRDA:382,84,1,0
BRDA:421,85,0,0
BRDA:421,85,1,0
BRDA:502,86,0,0
BRDA:502,86,1,0
BRF:174
BRH:0
end_of_record
TN:
SF:Telas\batalha.js
FN:18,TelaArenaBatalha
FN:39,(anonymous_1)
FN:43,(anonymous_2)
FN:45,(anonymous_3)
FN:46,(anonymous_4)
FN:50,carregarDados
FN:68,(anonymous_6)
FN:76,(anonymous_7)
FN:90,(anonymous_8)
FN:98,(anonymous_9)
FN:124,rolarDado
FN:126,(anonymous_11)
FN:130,(anonymous_12)
FN:132,(anonymous_13)
FN:137,ataqueAcerta
FN:143,calcularDano
FN:147,realizarAtaque
FN:161,(anonymous_17)
FN:162,(anonymous_18)
FN:175,(anonymous_19)
FN:189,(anonymous_20)
FN:201,(anonymous_21)
FN:201,(anonymous_22)
FN:210,(anonymous_23)
FN:219,(anonymous_24)
FN:224,(anonymous_25)
FN:237,(anonymous_26)
FN:249,(anonymous_27)
FN:249,(anonymous_28)
FN:265,(anonymous_29)
FN:268,(anonymous_30)
FN:269,(anonymous_31)
FN:271,(anonymous_32)
FN:282,(anonymous_33)
FN:288,(anonymous_34)
FN:289,(anonymous_35)
FN:293,(anonymous_36)
FN:332,(anonymous_37)
FN:340,(anonymous_38)
FN:342,(anonymous_39)
FN:361,(anonymous_40)
FN:372,(anonymous_41)
FN:376,(anonymous_42)
FN:393,(anonymous_43)
FN:405,(anonymous_44)
FN:411,(anonymous_45)
FN:449,(anonymous_46)
FN:459,(anonymous_47)
FN:471,(anonymous_48)
FN:486,(anonymous_49)
FN:488,(anonymous_50)
FN:495,(anonymous_51)
FN:518,(anonymous_52)
FN:523,(anonymous_53)
FN:538,(anonymous_54)
FN:545,(anonymous_55)
FNF:56
FNH:0
FNDA:0,TelaArenaBatalha
FNDA:0,(anonymous_1)
FNDA:0,(anonymous_2)
FNDA:0,(anonymous_3)
FNDA:0,(anonymous_4)
FNDA:0,carregarDados
FNDA:0,(anonymous_6)
FNDA:0,(anonymous_7)
FNDA:0,(anonymous_8)
FNDA:0,(anonymous_9)
FNDA:0,rolarDado
FNDA:0,(anonymous_11)
FNDA:0,(anonymous_12)
FNDA:0,(anonymous_13)
FNDA:0,ataqueAcerta
FNDA:0,calcularDano
FNDA:0,realizarAtaque
FNDA:0,(anonymous_17)
FNDA:0,(anonymous_18)
FNDA:0,(anonymous_19)
FNDA:0,(anonymous_20)
FNDA:0,(anonymous_21)
FNDA:0,(anonymous_22)
FNDA:0,(anonymous_23)
FNDA:0,(anonymous_24)
FNDA:0,(anonymous_25)
FNDA:0,(anonymous_26)
FNDA:0,(anonymous_27)
FNDA:0,(anonymous_28)
FNDA:0,(anonymous_29)
FNDA:0,(anonymous_30)
FNDA:0,(anonymous_31)
FNDA:0,(anonymous_32)
FNDA:0,(anonymous_33)
FNDA:0,(anonymous_34)
FNDA:0,(anonymous_35)
FNDA:0,(anonymous_36)
FNDA:0,(anonymous_37)
FNDA:0,(anonymous_38)
FNDA:0,(anonymous_39)
FNDA:0,(anonymous_40)
FNDA:0,(anonymous_41)
FNDA:0,(anonymous_42)
FNDA:0,(anonymous_43)
FNDA:0,(anonymous_44)
FNDA:0,(anonymous_45)
FNDA:0,(anonymous_46)
FNDA:0,(anonymous_47)
FNDA:0,(anonymous_48)
FNDA:0,(anonymous_49)
FNDA:0,(anonymous_50)
FNDA:0,(anonymous_51)
FNDA:0,(anonymous_52)
FNDA:0,(anonymous_53)
FNDA:0,(anonymous_54)
FNDA:0,(anonymous_55)
DA:19,0
DA:20,0
DA:22,0
DA:23,0
DA:24,0
DA:25,0
DA:26,0
DA:27,0
DA:28,0
DA:29,0
DA:30,0
DA:31,0
DA:32,0
DA:33,0
DA:34,0
DA:35,0
DA:36,0
DA:37,0
DA:39,0
DA:40,0
DA:43,0
DA:44,0
DA:45,0
DA:46,0
DA:51,0
DA:52,0
DA:53,0
DA:54,0
DA:55,0
DA:58,0
DA:59,0
DA:61,0
DA:62,0
DA:63,0
DA:65,0
DA:66,0
DA:68,0
DA:69,0
DA:70,0
DA:76,0
DA:90,0
DA:91,0
DA:92,0
DA:98,0
DA:112,0
DA:113,0
DA:115,0
DA:117,0
DA:118,0
DA:120,0
DA:125,0
DA:126,0
DA:127,0
DA:128,0
DA:129,0
DA:130,0
DA:131,0
DA:132,0
DA:133,0
DA:134,0
DA:138,0
DA:139,0
DA:140,0
DA:144,0
DA:148,0
DA:149,0
DA:150,0
DA:152,0
DA:153,0
DA:154,0
DA:157,0
DA:158,0
DA:159,0
DA:161,0
DA:162,0
DA:164,0
DA:165,0
DA:166,0
DA:167,0
DA:168,0
DA:171,0
DA:173,0
DA:174,0
DA:175,0
DA:186,0
DA:187,0
DA:188,0
DA:189,0
DA:200,0
DA:201,0
DA:203,0
DA:204,0
DA:207,0
DA:210,0
DA:211,0
DA:212,0
DA:213,0
DA:219,0
DA:221,0
DA:222,0
DA:223,0
DA:224,0
DA:235,0
DA:236,0
DA:237,0
DA:248,0
DA:249,0
DA:251,0
DA:252,0
DA:255,0
DA:260,0
DA:261,0
DA:262,0
DA:263,0
DA:264,0
DA:265,0
DA:268,0
DA:269,0
DA:271,0
DA:272,0
DA:273,0
DA:275,0
DA:282,0
DA:283,0
DA:284,0
DA:285,0
DA:288,0
DA:289,0
DA:290,0
DA:294,0
DA:295,0
DA:296,0
DA:298,0
DA:321,0
DA:322,0
DA:332,0
DA:337,0
DA:340,0
DA:341,0
DA:343,0
DA:344,0
DA:345,0
DA:346,0
DA:347,0
DA:349,0
DA:352,0
DA:361,0
DA:372,0
DA:373,0
DA:374,0
DA:377,0
DA:378,0
DA:379,0
DA:381,0
DA:384,0
DA:393,0
DA:405,0
DA:406,0
DA:411,0
DA:412,0
DA:449,0
DA:459,0
DA:471,0
DA:479,0
DA:486,0
DA:488,0
DA:496,0
DA:497,0
DA:498,0
DA:518,0
DA:524,0
DA:525,0
DA:526,0
DA:538,0
DA:545,0
LF:175
LH:0
BRDA:19,0,0,0
BRDA:19,0,1,0
BRDA:44,1,0,0
BRDA:44,1,1,0
BRDA:53,2,0,0
BRDA:53,2,1,0
BRDA:53,3,0,0
BRDA:53,3,1,0
BRDA:58,4,0,0
BRDA:58,4,1,0
BRDA:59,5,0,0
BRDA:59,5,1,0
BRDA:61,6,0,0
BRDA:61,6,1,0
BRDA:61,7,0,0
BRDA:61,7,1,0
BRDA:73,8,0,0
BRDA:73,8,1,0
BRDA:73,8,2,0
BRDA:74,9,0,0
BRDA:74,9,1,0
BRDA:74,10,0,0
BRDA:74,10,1,0
BRDA:74,11,0,0
BRDA:74,11,1,0
BRDA:75,12,0,0
BRDA:75,12,1,0
BRDA:75,12,2,0
BRDA:76,13,0,0
BRDA:76,13,1,0
BRDA:77,14,0,0
BRDA:77,14,1,0
BRDA:78,15,0,0
BRDA:78,15,1,0
BRDA:79,16,0,0
BRDA:79,16,1,0
BRDA:80,17,0,0
BRDA:80,17,1,0
BRDA:81,18,0,0
BRDA:81,18,1,0
BRDA:83,19,0,0
BRDA:83,19,1,0
BRDA:84,20,0,0
BRDA:84,20,1,0
BRDA:85,21,0,0
BRDA:85,21,1,0
BRDA:86,22,0,0
BRDA:86,22,1,0
BRDA:86,23,0,0
BRDA:86,23,1,0
BRDA:95,24,0,0
BRDA:95,24,1,0
BRDA:95,24,2,0
BRDA:96,25,0,0
BRDA:96,25,1,0
BRDA:96,26,0,0
BRDA:96,26,1,0
BRDA:96,27,0,0
BRDA:96,27,1,0
BRDA:97,28,0,0
BRDA:97,28,1,0
BRDA:97,28,2,0
BRDA:98,29,0,0
BRDA:98,29,1,0
BRDA:99,30,0,0
BRDA:99,30,1,0
BRDA:100,31,0,0
BRDA:100,31,1,0
BRDA:101,32,0,0
BRDA:101,32,1,0
BRDA:102,33,0,0
BRDA:102,33,1,0
BRDA:103,34,0,0
BRDA:103,34,1,0
BRDA:105,35,0,0
BRDA:105,35,1,0
BRDA:106,36,0,0
BRDA:106,36,1,0
BRDA:107,37,0,0
BRDA:107,37,1,0
BRDA:108,38,0,0
BRDA:108,38,1,0
BRDA:108,39,0,0
BRDA:108,39,1,0
BRDA:128,40,0,0
BRDA:128,40,1,0
BRDA:129,41,0,0
BRDA:129,41,1,0
BRDA:130,42,0,0
BRDA:130,42,1,0
BRDA:131,43,0,0
BRDA:131,43,1,0
BRDA:139,44,0,0
BRDA:139,44,1,0
BRDA:140,45,0,0
BRDA:140,45,1,0
BRDA:144,46,0,0
BRDA:144,46,1,0
BRDA:148,47,0,0
BRDA:148,47,1,0
BRDA:148,48,0,0
BRDA:148,48,1,0
BRDA:148,48,2,0
BRDA:152,49,0,0
BRDA:152,49,1,0
BRDA:164,50,0,0
BRDA:164,50,1,0
BRDA:164,51,0,0
BRDA:164,51,1,0
BRDA:164,51,2,0
BRDA:164,51,3,0
BRDA:173,52,0,0
BRDA:173,52,1,0
BRDA:186,53,0,0
BRDA:186,53,1,0
BRDA:187,54,0,0
BRDA:187,54,1,0
BRDA:193,55,0,0
BRDA:193,55,1,0
BRDA:201,56,0,0
BRDA:201,56,1,0
BRDA:203,57,0,0
BRDA:203,57,1,0
BRDA:211,58,0,0
BRDA:211,58,1,0
BRDA:211,59,0,0
BRDA:211,59,1,0
BRDA:213,60,0,0
BRDA:213,60,1,0
BRDA:215,61,0,0
BRDA:215,61,1,0
BRDA:216,62,0,0
BRDA:216,62,1,0
BRDA:217,63,0,0
BRDA:217,63,1,0
BRDA:221,64,0,0
BRDA:221,64,1,0
BRDA:223,65,0,0
BRDA:223,65,1,0
BRDA:235,66,0,0
BRDA:235,66,1,0
BRDA:249,67,0,0
BRDA:249,67,1,0
BRDA:251,68,0,0
BRDA:251,68,1,0
BRDA:272,69,0,0
BRDA:272,69,1,0
BRDA:272,70,0,0
BRDA:272,70,1,0
BRDA:283,71,0,0
BRDA:283,71,1,0
BRDA:284,72,0,0
BRDA:284,72,1,0
BRDA:291,73,0,0
BRDA:291,73,1,0
BRDA:292,74,0,0
BRDA:292,74,1,0
BRDA:292,74,2,0
BRDA:294,75,0,0
BRDA:294,75,1,0
BRDA:294,76,0,0
BRDA:294,76,1,0
BRDA:294,76,2,0
BRDA:300,77,0,0
BRDA:300,77,1,0
BRDA:301,78,0,0
BRDA:301,78,1,0
BRDA:301,78,2,0
BRDA:302,79,0,0
BRDA:302,79,1,0
BRDA:302,79,2,0
BRDA:303,80,0,0
BRDA:303,80,1,0
BRDA:306,81,0,0
BRDA:306,81,1,0
BRDA:306,81,2,0
BRDA:306,81,3,0
BRDA:310,82,0,0
BRDA:310,82,1,0
BRDA:310,83,0,0
BRDA:310,83,1,0
BRDA:310,83,2,0
BRDA:312,84,0,0
BRDA:312,84,1,0
BRDA:321,85,0,0
BRDA:321,85,1,0
BRDA:321,86,0,0
BRDA:321,86,1,0
BRDA:325,87,0,0
BRDA:325,87,1,0
BRDA:327,88,0,0
BRDA:327,88,1,0
BRDA:343,89,0,0
BRDA:343,89,1,0
BRDA:346,90,0,0
BRDA:346,90,1,0
BRDA:355,91,0,0
BRDA:355,91,1,0
BRDA:357,92,0,0
BRDA:357,92,1,0
BRDA:357,93,0,0
BRDA:357,93,1,0
BRDA:363,94,0,0
BRDA:363,94,1,0
BRDA:364,95,0,0
BRDA:364,95,1,0
BRDA:366,96,0,0
BRDA:366,96,1,0
BRDA:367,97,0,0
BRDA:367,97,1,0
BRDA:377,98,0,0
BRDA:377,98,1,0
BRDA:378,99,0,0
BRDA:378,99,1,0
BRDA:387,100,0,0
BRDA:387,100,1,0
BRDA:389,101,0,0
BRDA:389,101,1,0
BRDA:389,102,0,0
BRDA:389,102,1,0
BRDA:395,103,0,0
BRDA:395,103,1,0
BRDA:396,104,0,0
BRDA:396,104,1,0
BRDA:398,105,0,0
BRDA:398,105,1,0
BRDA:399,106,0,0
BRDA:399,106,1,0
BRDA:406,107,0,0
BRDA:406,107,1,0
BRDA:407,108,0,0
BRDA:407,108,1,0
BRDA:407,109,0,0
BRDA:407,109,1,0
BRDA:414,110,0,0
BRDA:414,110,1,0
BRDA:417,111,0,0
BRDA:417,111,1,0
BRDA:420,112,0,0
BRDA:420,112,1,0
BRDA:433,113,0,0
BRDA:433,113,1,0
BRDA:449,114,0,0
BRDA:449,114,1,0
BRDA:459,115,0,0
BRDA:459,115,1,0
BRDA:481,116,0,0
BRDA:481,116,1,0
BRDA:516,117,0,0
BRDA:516,117,1,0
BRDA:518,118,0,0
BRDA:518,118,1,0
BRF:252
BRH:0
end_of_record
TN:
SF:Telas\infos.js
FN:6,InfosScreen
FN:15,(anonymous_1)
FN:42,(anonymous_2)
FN:46,(anonymous_3)
FN:66,(anonymous_4)
FN:76,(anonymous_5)
FN:86,(anonymous_6)
FN:104,(anonymous_7)
FN:105,(anonymous_8)
FN:111,(anonymous_9)
FN:111,(anonymous_10)
FN:113,(anonymous_11)
FN:185,(anonymous_12)
FN:200,(anonymous_13)
FN:222,(anonymous_14)
FN:235,(anonymous_15)
FN:254,(anonymous_16)
FN:267,(anonymous_17)
FNF:18
FNH:0
FNDA:0,InfosScreen
FNDA:0,(anonymous_1)
FNDA:0,(anonymous_2)
FNDA:0,(anonymous_3)
FNDA:0,(anonymous_4)
FNDA:0,(anonymous_5)
FNDA:0,(anonymous_6)
FNDA:0,(anonymous_7)
FNDA:0,(anonymous_8)
FNDA:0,(anonymous_9)
FNDA:0,(anonymous_10)
FNDA:0,(anonymous_11)
FNDA:0,(anonymous_12)
FNDA:0,(anonymous_13)
FNDA:0,(anonymous_14)
FNDA:0,(anonymous_15)
FNDA:0,(anonymous_16)
FNDA:0,(anonymous_17)
DA:7,0
DA:8,0
DA:9,0
DA:10,0
DA:11,0
DA:12,0
DA:13,0
DA:15,0
DA:16,0
DA:17,0
DA:20,0
DA:21,0
DA:24,0
DA:26,0
DA:30,0
DA:31,0
DA:34,0
DA:36,0
DA:37,0
DA:38,0
DA:42,0
DA:43,0
DA:46,0
DA:47,0
DA:48,0
DA:49,0
DA:50,0
DA:51,0
DA:53,0
DA:59,0
DA:60,0
DA:61,0
DA:62,0
DA:64,0
DA:66,0
DA:74,0
DA:76,0
DA:84,0
DA:86,0
DA:95,0
DA:97,0
DA:98,0
DA:100,0
DA:104,0
DA:105,0
DA:111,0
DA:112,0
DA:113,0
DA:119,0
DA:120,0
DA:131,0
DA:132,0
DA:142,0
DA:186,0
DA:200,0
DA:223,0
DA:235,0
DA:255,0
DA:267,0
LF:59
LH:0
BRDA:15,0,0,0
BRDA:15,1,0,0
BRDA:16,2,0,0
BRDA:16,2,1,0
BRDA:16,3,0,0
BRDA:16,3,1,0
BRDA:26,4,0,0
BRDA:26,4,1,0
BRDA:27,5,0,0
BRDA:27,5,1,0
BRDA:34,6,0,0
BRDA:34,6,1,0
BRDA:59,7,0,0
BRDA:59,7,1,0
BRDA:60,8,0,0
BRDA:60,8,1,0
BRDA:61,9,0,0
BRDA:61,9,1,0
BRDA:62,10,0,0
BRDA:62,10,1,0
BRDA:64,11,0,0
BRDA:64,11,1,0
BRDA:69,12,0,0
BRDA:69,12,1,0
BRDA:74,13,0,0
BRDA:74,13,1,0
BRDA:79,14,0,0
BRDA:79,14,1,0
BRDA:84,15,0,0
BRDA:84,15,1,0
BRDA:89,16,0,0
BRDA:89,16,1,0
BRDA:119,17,0,0
BRDA:119,17,1,0
BRDA:119,18,0,0
BRDA:119,18,1,0
BRDA:131,19,0,0
BRDA:131,19,1,0
BRDA:146,20,0,0
BRDA:146,20,1,0
BRDA:167,21,0,0
BRDA:167,21,1,0
BRDA:167,22,0,0
BRDA:167,22,1,0
BRDA:172,23,0,0
BRDA:172,23,1,0
BRDA:176,24,0,0
BRDA:176,24,1,0
BRDA:184,25,0,0
BRDA:184,25,1,0
BRDA:188,26,0,0
BRDA:188,26,1,0
BRDA:192,27,0,0
BRDA:192,27,1,0
BRDA:198,28,0,0
BRDA:198,28,1,0
BRDA:201,29,0,0
BRDA:201,29,1,0
BRDA:204,30,0,0
BRDA:204,30,1,0
BRDA:216,31,0,0
BRDA:216,31,1,0
BRDA:227,32,0,0
BRDA:227,32,1,0
BRDA:233,33,0,0
BRDA:233,33,1,0
BRDA:236,34,0,0
BRDA:236,34,1,0
BRDA:239,35,0,0
BRDA:239,35,1,0
BRDA:248,36,0,0
BRDA:248,36,1,0
BRDA:259,37,0,0
BRDA:259,37,1,0
BRDA:265,38,0,0
BRDA:265,38,1,0
BRDA:268,39,0,0
BRDA:268,39,1,0
BRDA:271,40,0,0
BRDA:271,40,1,0
BRF:80
BRH:0
end_of_record
TN:
SF:estilos\batalhas.js
FNF:0
FNH:0
DA:4,0
LF:1
LH:0
BRF:0
BRH:0
end_of_record
TN:
SF:estilos\cadastrar.js
FNF:0
FNH:0
DA:3,0
LF:1
LH:0
BRF:0
BRH:0
end_of_record
TN:
SF:estilos\infos.js
FNF:0
FNH:0
DA:4,0
LF:1
LH:0
BRF:0
BRH:0
end_of_record
TN:
SF:estilos\login.js
FNF:0
FNH:0
DA:3,0
LF:1
LH:0
BRF:0
BRH:0
end_of_record
TN:
SF:estilos\read.js
FNF:0
FNH:0
DA:3,0
LF:1
LH:0
BRF:0
BRH:0
end_of_record
TN:
SF:estilos\sobre.js
FNF:0
FNH:0
DA:3,0
LF:1
LH:0
BRF:0
BRH:0
end_of_record
TN:
SF:estilos\welcome.js
FNF:0
FNH:0
DA:3,0
LF:1
LH:0
BRF:0
BRH:0
end_of_record
